-------------------------------------------------------------------------------
Test set: oct.soft.pma.dao.ProjectRepositoryIntegrationTest
-------------------------------------------------------------------------------
Tests run: 1, Failures: 1, Errors: 0, Skipped: 0, Time elapsed: 0.76 s <<< FAILURE! - in oct.soft.pma.dao.ProjectRepositoryIntegrationTest
ifNewProjectSaved_thenSuccess  Time elapsed: 0.08 s  <<< FAILURE!
org.opentest4j.AssertionFailedError: expected: <1> but was: <5>
	at oct.soft.pma.dao.ProjectRepositoryIntegrationTest.ifNewProjectSaved_thenSuccess(ProjectRepositoryIntegrationTest.java:29)

