<?xml version="1.0" encoding="UTF-8"?>
<testsuite xmlns:xsi="http://www.w3.org/2001/XMLSchema-instance" xsi:noNamespaceSchemaLocation="https://maven.apache.org/surefire/maven-surefire-plugin/xsd/surefire-test-report.xsd" name="oct.soft.pma.dao.ProjectRepositoryIntegrationTest" time="0.76" tests="1" errors="0" skipped="0" failures="1">
  <properties>
[...]
</properties>
  <testcase name="ifNewProjectSaved_thenSuccess" classname="oct.soft.pma.dao.ProjectRepositoryIntegrationTest" time="0.08">
    <failure message="expected: &lt;1&gt; but was: &lt;5&gt;" type="org.opentest4j.AssertionFailedError"><![CDATA[org.opentest4j.AssertionFailedError: expected: <1> but was: <5>
	at oct.soft.pma.dao.ProjectRepositoryIntegrationTest.ifNewProjectSaved_thenSuccess(ProjectRepositoryIntegrationTest.java:29)
]]></failure>
    <system-out><![CDATA[2023-02-06 13:20:47.988  INFO 18032 --- [           main] .b.t.c.SpringBootTestContextBootstrapper : Neither @ContextConfiguration nor @ContextHierarchy found for test class [oct.soft.pma.dao.ProjectRepositoryIntegrationTest], using SpringBootContextLoader
2023-02-06 13:20:47.989  INFO 18032 --- [           main] o.s.t.c.support.AbstractContextLoader    : Could not detect default resource locations for test class [oct.soft.pma.dao.ProjectRepositoryIntegrationTest]: no resource found for suffixes {-context.xml, Context.groovy}.
2023-02-06 13:20:47.989  INFO 18032 --- [           main] t.c.s.AnnotationConfigContextLoaderUtils : Could not detect default configuration classes for test class [oct.soft.pma.dao.ProjectRepositoryIntegrationTest]: ProjectRepositoryIntegrationTest does not declare any static, non-private, non-final, nested classes annotated with @Configuration.
2023-02-06 13:20:47.995  INFO 18032 --- [           main] .b.t.c.SpringBootTestContextBootstrapper : Found @SpringBootConfiguration oct.soft.pma.ProjectManagementApplication for test class oct.soft.pma.dao.ProjectRepositoryIntegrationTest
2023-02-06 13:20:47.997  INFO 18032 --- [           main] .b.t.c.SpringBootTestContextBootstrapper : Loaded default TestExecutionListener class names from location [META-INF/spring.factories]: [org.springframework.boot.test.mock.mockito.MockitoTestExecutionListener, org.springframework.boot.test.mock.mockito.ResetMocksTestExecutionListener, org.springframework.boot.test.autoconfigure.restdocs.RestDocsTestExecutionListener, org.springframework.boot.test.autoconfigure.web.client.MockRestServiceServerResetTestExecutionListener, org.springframework.boot.test.autoconfigure.web.servlet.MockMvcPrintOnlyOnFailureTestExecutionListener, org.springframework.boot.test.autoconfigure.web.servlet.WebDriverTestExecutionListener, org.springframework.boot.test.autoconfigure.webservices.client.MockWebServiceServerTestExecutionListener, org.springframework.test.context.web.ServletTestExecutionListener, org.springframework.test.context.support.DirtiesContextBeforeModesTestExecutionListener, org.springframework.test.context.event.ApplicationEventsTestExecutionListener, org.springframework.test.context.support.DependencyInjectionTestExecutionListener, org.springframework.test.context.support.DirtiesContextTestExecutionListener, org.springframework.test.context.transaction.TransactionalTestExecutionListener, org.springframework.test.context.jdbc.SqlScriptsTestExecutionListener, org.springframework.test.context.event.EventPublishingTestExecutionListener]
2023-02-06 13:20:47.998  INFO 18032 --- [           main] .b.t.c.SpringBootTestContextBootstrapper : Using TestExecutionListeners: [org.springframework.test.context.web.ServletTestExecutionListener@7f69c4c0, org.springframework.test.context.support.DirtiesContextBeforeModesTestExecutionListener@6a9a6a0c, org.springframework.test.context.event.ApplicationEventsTestExecutionListener@1cdb290c, org.springframework.boot.test.mock.mockito.MockitoTestExecutionListener@77f95e19, org.springframework.boot.test.autoconfigure.SpringBootDependencyInjectionTestExecutionListener@4607cbe2, org.springframework.test.context.support.DirtiesContextTestExecutionListener@7ff40324, org.springframework.test.context.transaction.TransactionalTestExecutionListener@3a22d69f, org.springframework.test.context.jdbc.SqlScriptsTestExecutionListener@7164e54, org.springframework.test.context.event.EventPublishingTestExecutionListener@7f36cd8f, org.springframework.boot.test.mock.mockito.ResetMocksTestExecutionListener@20040c6e, org.springframework.boot.test.autoconfigure.restdocs.RestDocsTestExecutionListener@cbea0df, org.springframework.boot.test.autoconfigure.web.client.MockRestServiceServerResetTestExecutionListener@396f3bf2, org.springframework.boot.test.autoconfigure.web.servlet.MockMvcPrintOnlyOnFailureTestExecutionListener@70fcd3e5, org.springframework.boot.test.autoconfigure.web.servlet.WebDriverTestExecutionListener@701bd6e8, org.springframework.boot.test.autoconfigure.webservices.client.MockWebServiceServerTestExecutionListener@9da386c]

  .   ____          _            __ _ _
 /\\ / ___'_ __ _ _(_)_ __  __ _ \ \ \ \
( ( )\___ | '_ | '_| | '_ \/ _` | \ \ \ \
 \\/  ___)| |_)| | | | | || (_| |  ) ) ) )
  '  |____| .__|_| |_|_| |_\__, | / / / /
 =========|_|==============|___/=/_/_/_/
 :: Spring Boot ::                (v2.7.8)

2023-02-06 13:20:48.045  INFO 18032 --- [           main] o.s.p.d.ProjectRepositoryIntegrationTest : Starting ProjectRepositoryIntegrationTest using Java 11.0.14.1 on osantau with PID 18032 (started by osantau in e:\workspace-sts4-course\project-management)
2023-02-06 13:20:48.045  INFO 18032 --- [           main] o.s.p.d.ProjectRepositoryIntegrationTest : No active profile set, falling back to 1 default profile: "default"
2023-02-06 13:20:48.166  INFO 18032 --- [           main] .s.d.r.c.RepositoryConfigurationDelegate : Bootstrapping Spring Data JPA repositories in DEFAULT mode.
2023-02-06 13:20:48.174  INFO 18032 --- [           main] .s.d.r.c.RepositoryConfigurationDelegate : Finished Spring Data repository scanning in 7 ms. Found 2 JPA repository interfaces.
2023-02-06 13:20:48.249  INFO 18032 --- [           main] com.zaxxer.hikari.HikariDataSource       : HikariPool-2 - Starting...
2023-02-06 13:20:48.250  INFO 18032 --- [           main] com.zaxxer.hikari.HikariDataSource       : HikariPool-2 - Start completed.
2023-02-06 13:20:48.289  INFO 18032 --- [           main] o.hibernate.jpa.internal.util.LogHelper  : HHH000204: Processing PersistenceUnitInfo [name: default]
2023-02-06 13:20:48.295  INFO 18032 --- [           main] org.hibernate.dialect.Dialect            : HHH000400: Using dialect: org.hibernate.dialect.H2Dialect
Hibernate: drop table if exists employee CASCADE 
Hibernate: drop table if exists project CASCADE 
Hibernate: drop table if exists project_employee CASCADE 
Hibernate: create table employee (employee_id bigint generated by default as identity, email varchar(255), first_name varchar(255), last_name varchar(255), primary key (employee_id))
Hibernate: create table project (project_id bigint generated by default as identity, description varchar(255), name varchar(255), stage varchar(255), primary key (project_id))
Hibernate: create table project_employee (project_id bigint not null, employee_id bigint not null)
Hibernate: alter table project_employee add constraint FKn5yqs0xm3rmsg62n84ccyk4k0 foreign key (employee_id) references employee
Hibernate: alter table project_employee add constraint FK1907nkisp2dlsswuycpnakiv8 foreign key (project_id) references project
2023-02-06 13:20:48.330  INFO 18032 --- [           main] o.h.e.t.j.p.i.JtaPlatformInitiator       : HHH000490: Using JtaPlatform implementation: [org.hibernate.engine.transaction.jta.platform.internal.NoJtaPlatform]
2023-02-06 13:20:48.330  INFO 18032 --- [           main] j.LocalContainerEntityManagerFactoryBean : Initialized JPA EntityManagerFactory for persistence unit 'default'
2023-02-06 13:20:48.478  WARN 18032 --- [           main] JpaBaseConfiguration$JpaWebConfiguration : spring.jpa.open-in-view is enabled by default. Therefore, database queries may be performed during view rendering. Explicitly configure spring.jpa.open-in-view to disable this warning
2023-02-06 13:20:48.549  INFO 18032 --- [           main] o.s.b.a.h2.H2ConsoleAutoConfiguration    : H2 console available at '/h2-console'. Database available at 'jdbc:h2:mem:testdb'
2023-02-06 13:20:48.683  INFO 18032 --- [           main] o.s.p.d.ProjectRepositoryIntegrationTest : Started ProjectRepositoryIntegrationTest in 0.676 seconds (JVM running for 9.999)
Hibernate: insert into project (project_id, description, name, stage) values (default, ?, ?, ?)
Hibernate: select project0_.project_id as project_1_1_, project0_.description as descript2_1_, project0_.name as name3_1_, project0_.stage as stage4_1_ from project project0_
]]></system-out>
  </testcase>
</testsuite>